> Total time: 126.648000 s
--------------------------------------------------------------------------------------
| FILE                : FUNCTION                    : LINE   : TIME   : %     : #    |
--------------------------------------------------------------------------------------
| c:\Users\User\OneDri: RenderNote                  :  3630  : 21.7620: 17.2  : 227689|
| c:\Users\User\OneDri: RenderCircle                :  3596  : 19.2410: 15.2  : 228821|
| c:\Users\User\OneDri: Circle                      :  3518  : 17.3830: 13.7  : 239998|
| c:\Users\User\OneDri: RenderStatistic             :  4014  : 14.6560: 11.6  : 11177|
| c:\Users\User\OneDri: Statistic                   :  4006  : 6.3970 : 5.1   : 212363|
| c:\Users\User\OneDri: SetCursor                   :  3764  : 4.3420 : 3.4   : 11177|
| c:\Users\User\OneDri: RenderLog                   :  4023  : 1.7870 : 1.4   : 11177|
| c:\Users\User\OneDri: CalculatePosition           :  3833  : 1.4690 : 1.2   : 257864|
| c:\Users\User\OneDri: RenderStatus                :  3672  : 1.1780 : 0.9   : 8642 |
| c:\Users\User\OneDri: RenderBarline               :  3582  : 0.4690 : 0.4   : 29019|
| .\taikocurses       : getkeyname                  :   522  : 0.3400 : 0.3   : 11177|
| c:\Users\User\OneDri: RenderRect                  :  3603  : 0.1650 : 0.1   : 1132 |
| c:\Users\User\OneDri: New                         :  3542  : 0.0980 : 0.1   : 11180|
| c:\Users\User\OneDri: Anon                        :  3889  : 0.0550 : 0.0   : 11202|
| c:\Users\User\OneDri: CalculateLoadMs             :  3823  : 0.0070 : 0.0   :  997 |
| c:\Users\User\OneDri: MsToS                       :   265  : 0.0050 : 0.0   : 1994 |
| c:\Users\User\OneDri: CalculateSpeed              :  2198  : 0.0040 : 0.0   :  997 |
| c:\Users\User\OneDri: GetAllNotes                 :  2112  : 0.0040 : 0.0   :    1 |
| c:\Users\User\OneDri: GenerateDotData             :  2721  : 0.0030 : 0.0   :    1 |
| c:\Users\User\OneDri: Split                       :   164  : 0.0020 : 0.0   :    1 |
| c:\Users\User\OneDri: CalculateLoadPosition       :  3830  : 0.0020 : 0.0   :  997 |
--------------------------------------------------------------------------------------
| c:\Users\User\OneDri: CircleGen                   :  3443  : ~      : ~     :    2 |
| c:\Users\User\OneDri: ToDots                      :  2853  : ~      : ~     : 11177|
| .\profiler          : stop                        :   228  : ~      : ~     :    1 |
| .\profiler          : report                      :   236  : ~      : ~     :    1 |
| .\taikocurses       : getch                       :    59  : ~      : ~     : 11177|
| c:\Users\User\OneDri: ClearScreen                 :  3761  : ~      : ~     :    1 |
| c:\Users\User\OneDri: ForAll                      :  2067  : ~      : ~     :    1 |
| .\taikocurses       : raw                         :    82  : ~      : ~     :    1 |
| .\taikocurses       : nl                          :    81  : ~      : ~     :    1 |
| .\taikocurses       : cbreak                      :    84  : ~      : ~     :    1 |
| .\taikocurses       : echo                        :    80  : ~      : ~     :    1 |
| .\taikocurses       : keypad                      :    52  : ~      : ~     :    1 |
| .\taikocurses       : nodelay                     :    54  : ~      : ~     :    1 |
| c:\Users\User\OneDri: ConnectAll                  :  2151  : ~      : ~     :    1 |
| c:\Users\User\OneDri: f                           :  3915  : ~      : ~     :  997 |
| c:\Users\User\OneDri: TIMING                      :   502  : ~      : ~     :    1 |
| c:\Users\User\OneDri: format                      :  2749  : ~      : ~     :  256 |
--------------------------------------------------------------------------------------
