> Total time: 126.662000 s
--------------------------------------------------------------------------------------
| FILE                : FUNCTION                    : LINE   : TIME   : %     : #    |
--------------------------------------------------------------------------------------
| c:\Users\User\OneDri: RenderNote                  :  3256  : 22.1660: 17.5  : 266429|
| c:\Users\User\OneDri: RenderCircle                :  3222  : 19.4960: 15.4  : 267923|
| c:\Users\User\OneDri: Circle                      :  3144  : 17.8450: 14.1  : 280897|
| c:\Users\User\OneDri: RenderStatistic             :  3623  : 13.5350: 10.7  : 12974|
| c:\Users\User\OneDri: Statistic                   :  3615  : 7.0360 : 5.6   : 246506|
| c:\Users\User\OneDri: SetCursor                   :  3373  : 3.2680 : 2.6   : 12974|
| c:\Users\User\OneDri: CalculatePosition           :  3442  : 1.6280 : 1.3   : 302055|
| c:\Users\User\OneDri: RenderStatus                :  3298  : 1.4600 : 1.2   : 9983 |
| c:\Users\User\OneDri: RenderLog                   :  3632  : 1.4530 : 1.1   : 12974|
| c:\Users\User\OneDri: RenderBarline               :  3208  : 0.4720 : 0.4   : 34439|
| .\taikocurses       : getkeyname                  :   522  : 0.3160 : 0.2   : 12974|
| c:\Users\User\OneDri: RenderRect                  :  3229  : 0.2930 : 0.2   : 1494 |
| c:\Users\User\OneDri: New                         :  3168  : 0.0620 : 0.0   : 12977|
| c:\Users\User\OneDri: GenerateDotData             :  2723  : 0.0260 : 0.0   :    1 |
| c:\Users\User\OneDri: ToBinary                    :  2740  : 0.0170 : 0.0   :  256 |
| c:\Users\User\OneDri: ForAll                      :  2070  : 0.0160 : 0.0   :    1 |
| c:\Users\User\OneDri: f                           :  3524  : 0.0160 : 0.0   :  997 |
| c:\Users\User\OneDri: MsToS                       :   268  : 0.0070 : 0.0   : 1994 |
| c:\Users\User\OneDri: CalculateLoadMs             :  3432  : 0.0050 : 0.0   :  997 |
| c:\Users\User\OneDri: Anon                        :  3498  : 0.0050 : 0.0   : 11202|
| c:\Users\User\OneDri: CalculateSpeed              :  2201  : 0.0040 : 0.0   :  997 |
| c:\Users\User\OneDri: GetAllNotes                 :  2115  : 0.0030 : 0.0   :    1 |
| c:\Users\User\OneDri: CalculateLoadPosition       :  3439  : 0.0030 : 0.0   :  997 |
| c:\Users\User\OneDri: Split                       :   167  : 0.0030 : 0.0   :    1 |
| c:\Users\User\OneDri: format                      :  2751  : 0.0030 : 0.0   :  256 |
--------------------------------------------------------------------------------------
| .\profiler          : report                      :   236  : ~      : ~     :    1 |
| .\profiler          : stop                        :   228  : ~      : ~     :    1 |
| c:\Users\User\OneDri: ClearScreen                 :  3370  : ~      : ~     :    1 |
| c:\Users\User\OneDri: CircleGen                   :  3069  : ~      : ~     :    2 |
| .\taikocurses       : getch                       :    59  : ~      : ~     : 12974|
| c:\Users\User\OneDri: ToDots                      :  2854  : ~      : ~     : 12974|
| .\taikocurses       : nl                          :    81  : ~      : ~     :    1 |
| .\taikocurses       : raw                         :    82  : ~      : ~     :    1 |
| .\taikocurses       : cbreak                      :    84  : ~      : ~     :    1 |
| .\taikocurses       : nodelay                     :    54  : ~      : ~     :    1 |
| .\taikocurses       : echo                        :    80  : ~      : ~     :    1 |
| .\taikocurses       : keypad                      :    52  : ~      : ~     :    1 |
| c:\Users\User\OneDri: ConnectAll                  :  2154  : ~      : ~     :    1 |
| c:\Users\User\OneDri: TIMING                      :   505  : ~      : ~     :    1 |
--------------------------------------------------------------------------------------
